[2026-06-07T01:04:58.611Z] info: kubernetes.yaml was copied to the config folder
[2026-06-07T01:05:23.261Z] info: docker.yaml was copied to the config folder
[2026-06-07T01:05:23.273Z] info: proxmox.yaml was copied to the config folder
[2026-06-07T01:05:23.302Z] info: custom.css was copied to the config folder
[2026-06-07T01:05:23.305Z] info: custom.js was copied to the config folder
[2026-06-07T01:05:23.535Z] error: <plexProxyHandler> HTTP 401 communicating with Plex. Data: <html><head><title>Unauthorized</title></head><body><h1>401 Unauthorized</h1></body></html>
[2026-06-07T01:05:23.538Z] error: <jellyfinProxyHandler> HTTP Error 401 calling http://jellyfin:8096/emby/Sessions?api_key=
[2026-06-07T01:05:23.539Z] error: <jellyfinProxyHandler> HTTP Error 401 calling http://jellyfin:8096/emby/Items/Counts?api_key=
[2026-06-07T01:05:23.601Z] error: <credentialedProxyHandler> HTTP Error 401 calling http://jellyseerr:5055/api/v1/request/count
[2026-06-07T01:05:23.603Z] error: <qbittorrentProxyHandler> HTTP 401 logging in to qBittorrent.  Data: Unauthorized
[2026-06-07T01:05:25.958Z] error: <plexProxyHandler> HTTP 401 communicating with Plex. Data: <html><head><title>Unauthorized</title></head><body><h1>401 Unauthorized</h1></body></html>
[2026-06-07T01:05:25.960Z] error: <httpProxy> Error calling http://nzbget:6789/jsonrpc...
[2026-06-07T01:05:25.964Z] error: <httpProxy> [
  500,
  Error: socket hang up
      at ignore-listed frames {
    code: 'ECONNRESET'
  }
]
[2026-06-07T01:05:25.966Z] error: <credentialedProxyHandler> HTTP Error 401 calling http://jellyseerr:5055/api/v1/request/count
[2026-06-07T01:05:25.982Z] error: <jellyfinProxyHandler> HTTP Error 401 calling http://jellyfin:8096/emby/Sessions?api_key=
[2026-06-07T01:05:25.983Z] error: <jellyfinProxyHandler> HTTP Error 401 calling http://jellyfin:8096/emby/Items/Counts?api_key=
[2026-06-07T01:05:26.009Z] error: <qbittorrentProxyHandler> HTTP 401 logging in to qBittorrent.  Data: Unauthorized
[2026-06-07T01:05:30.939Z] error: <plexProxyHandler> HTTP 401 communicating with Plex. Data: <html><head><title>Unauthorized</title></head><body><h1>401 Unauthorized</h1></body></html>
[2026-06-07T01:05:31.066Z] error: <qbittorrentProxyHandler> HTTP 401 logging in to qBittorrent.  Data: Unauthorized
[2026-06-07T01:05:35.961Z] error: <plexProxyHandler> HTTP 401 communicating with Plex. Data: <html><head><title>Unauthorized</title></head><body><h1>401 Unauthorized</h1></body></html>
[2026-06-07T01:05:36.013Z] error: <jellyfinProxyHandler> HTTP Error 401 calling http://jellyfin:8096/emby/Sessions?api_key=
[2026-06-07T01:05:36.016Z] error: <jellyfinProxyHandler> HTTP Error 401 calling http://jellyfin:8096/emby/Items/Counts?api_key=
[2026-06-07T01:05:40.997Z] error: <plexProxyHandler> HTTP 401 communicating with Plex. Data: <html><head><title>Unauthorized</title></head><body><h1>401 Unauthorized</h1></body></html>
[2026-06-07T01:05:41.114Z] error: <qbittorrentProxyHandler> HTTP 401 logging in to qBittorrent.  Data: Unauthorized
[2026-06-07T01:05:46.021Z] error: <plexProxyHandler> HTTP 401 communicating with Plex. Data: <html><head><title>Unauthorized</title></head><body><h1>401 Unauthorized</h1></body></html>
[2026-06-07T01:05:46.029Z] error: <jellyfinProxyHandler> HTTP Error 401 calling http://jellyfin:8096/emby/Sessions?api_key=
[2026-06-07T01:05:51.047Z] error: <plexProxyHandler> HTTP 401 communicating with Plex. Data: <html><head><title>Unauthorized</title></head><body><h1>401 Unauthorized</h1></body></html>
[2026-06-07T01:05:56.030Z] error: <jellyfinProxyHandler> HTTP Error 401 calling http://jellyfin:8096/emby/Items/Counts?api_key=
[2026-06-07T01:05:56.059Z] error: <plexProxyHandler> HTTP 401 communicating with Plex. Data: <html><head><title>Unauthorized</title></head><body><h1>401 Unauthorized</h1></body></html>
[2026-06-07T01:05:57.430Z] error: <credentialedProxyHandler> HTTP Error 401 calling http://jellyseerr:5055/api/v1/request/count
[2026-06-07T01:05:57.439Z] error: <jellyfinProxyHandler> HTTP Error 401 calling http://jellyfin:8096/emby/Sessions?api_key=
[2026-06-07T01:05:57.441Z] error: <jellyfinProxyHandler> HTTP Error 401 calling http://jellyfin:8096/emby/Items/Counts?api_key=
[2026-06-07T01:05:57.453Z] error: <qbittorrentProxyHandler> HTTP 401 logging in to qBittorrent.  Data: Unauthorized
[2026-06-07T01:06:02.471Z] error: <plexProxyHandler> HTTP 401 communicating with Plex. Data: <html><head><title>Unauthorized</title></head><body><h1>401 Unauthorized</h1></body></html>
[2026-06-07T01:06:02.472Z] error: <qbittorrentProxyHandler> HTTP 403 logging in to qBittorrent.  Data: Your IP address has been banned after too many failed authentication attempts.
[2026-06-07T01:06:02.485Z] error: <httpProxy> Error calling http://nzbget:6789/jsonrpc...
[2026-06-07T01:06:02.487Z] error: <httpProxy> [
  500,
  Error: socket hang up
      at ignore-listed frames {
    code: 'ECONNRESET'
  }
]
[2026-06-07T01:06:02.488Z] error: <credentialedProxyHandler> HTTP Error 401 calling http://jellyseerr:5055/api/v1/request/count
[2026-06-07T01:06:02.488Z] error: <jellyfinProxyHandler> HTTP Error 401 calling http://jellyfin:8096/emby/Sessions?api_key=
[2026-06-07T01:06:02.496Z] error: <jellyfinProxyHandler> HTTP Error 401 calling http://jellyfin:8096/emby/Items/Counts?api_key=
[2026-06-07T01:06:52.517Z] info: 🌐 i18next is made possible by our own product, Locize — consider powering your project with managed localization (AI, CDN, integrations): https://locize.com 💙
[2026-06-07T01:06:52.806Z] error: <plexProxyHandler> HTTP 401 communicating with Plex. Data: <html><head><title>Unauthorized</title></head><body><h1>401 Unauthorized</h1></body></html>
[2026-06-07T01:06:52.824Z] error: <jellyfinProxyHandler> HTTP Error 401 calling http://jellyfin:8096/emby/Sessions?api_key=
[2026-06-07T01:06:52.830Z] error: <jellyfinProxyHandler> HTTP Error 401 calling http://jellyfin:8096/emby/Items/Counts?api_key=
[2026-06-07T01:06:52.859Z] error: <qbittorrentProxyHandler> HTTP 403 logging in to qBittorrent.  Data: Your IP address has been banned after too many failed authentication attempts.
[2026-06-07T01:06:52.871Z] error: <credentialedProxyHandler> HTTP Error 401 calling http://jellyseerr:5055/api/v1/request/count
[2026-06-07T01:06:58.227Z] error: <qbittorrentProxyHandler> HTTP 403 logging in to qBittorrent.  Data: Your IP address has been banned after too many failed authentication attempts.
[2026-06-07T01:06:58.230Z] error: <jellyfinProxyHandler> HTTP Error 401 calling http://jellyfin:8096/emby/Sessions?api_key=
[2026-06-07T01:06:58.652Z] error: <jellyfinProxyHandler> HTTP Error 401 calling http://jellyfin:8096/emby/Items/Counts?api_key=
[2026-06-07T01:06:58.653Z] error: <jellyfinProxyHandler> HTTP Error 401 calling http://jellyfin:8096/emby/Sessions?api_key=
[2026-06-07T01:06:58.655Z] error: <httpProxy> Error calling http://nzbget:6789/jsonrpc...
[2026-06-07T01:06:58.659Z] error: <httpProxy> [
  500,
  Error: socket hang up
      at ignore-listed frames {
    code: 'ECONNRESET'
  }
]
[2026-06-07T01:06:58.659Z] error: <plexProxyHandler> HTTP 401 communicating with Plex. Data: <html><head><title>Unauthorized</title></head><body><h1>401 Unauthorized</h1></body></html>
[2026-06-07T01:06:58.663Z] error: <credentialedProxyHandler> HTTP Error 401 calling http://jellyseerr:5055/api/v1/request/count
[2026-06-07T01:06:58.675Z] error: <qbittorrentProxyHandler> HTTP 403 logging in to qBittorrent.  Data: Your IP address has been banned after too many failed authentication attempts.
[2026-06-07T01:07:00.488Z] error: <plexProxyHandler> HTTP 401 communicating with Plex. Data: <html><head><title>Unauthorized</title></head><body><h1>401 Unauthorized</h1></body></html>
[2026-06-07T01:07:00.489Z] error: <jellyfinProxyHandler> HTTP Error 401 calling http://jellyfin:8096/emby/Items/Counts?api_key=
[2026-06-07T01:07:00.489Z] error: <jellyfinProxyHandler> HTTP Error 401 calling http://jellyfin:8096/emby/Sessions?api_key=
[2026-06-07T01:07:00.532Z] error: <qbittorrentProxyHandler> HTTP 403 logging in to qBittorrent.  Data: Your IP address has been banned after too many failed authentication attempts.
[2026-06-07T01:07:00.541Z] error: <credentialedProxyHandler> HTTP Error 401 calling http://jellyseerr:5055/api/v1/request/count
[2026-06-07T01:07:06.238Z] error: <jellyfinProxyHandler> HTTP Error 401 calling http://jellyfin:8096/emby/Sessions?api_key=
[2026-06-07T01:07:06.240Z] error: <jellyfinProxyHandler> HTTP Error 401 calling http://jellyfin:8096/emby/Items/Counts?api_key=
[2026-06-07T01:07:11.225Z] error: <qbittorrentProxyHandler> HTTP 403 logging in to qBittorrent.  Data: Your IP address has been banned after too many failed authentication attempts.
[2026-06-07T01:07:59.604Z] error: Host validation failed for: homepage. Hint: Set the HOMEPAGE_ALLOWED_HOSTS environment variable to allow requests from this host / port.
[2026-06-07T01:08:01.430Z] error: Host validation failed for: homepage. Hint: Set the HOMEPAGE_ALLOWED_HOSTS environment variable to allow requests from this host / port.
[2026-06-07T01:08:06.174Z] error: <jellyfinProxyHandler> HTTP Error 401 calling http://jellyfin:8096/emby/Sessions?api_key=
[2026-06-07T01:08:06.175Z] error: <jellyfinProxyHandler> HTTP Error 401 calling http://jellyfin:8096/emby/Items/Counts?api_key=
[2026-06-07T01:08:06.185Z] error: <plexProxyHandler> HTTP 401 communicating with Plex. Data: <html><head><title>Unauthorized</title></head><body><h1>401 Unauthorized</h1></body></html>
[2026-06-07T01:08:06.187Z] error: <httpProxy> Error calling http://nzbget:6789/jsonrpc...
[2026-06-07T01:08:06.189Z] error: <httpProxy> [
  500,
  Error: socket hang up
      at ignore-listed frames {
    code: 'ECONNRESET'
  }
]
[2026-06-07T01:08:06.208Z] error: <qbittorrentProxyHandler> HTTP 403 logging in to qBittorrent.  Data: Your IP address has been banned after too many failed authentication attempts.
[2026-06-07T01:08:06.209Z] error: <credentialedProxyHandler> HTTP Error 401 calling http://jellyseerr:5055/api/v1/request/count
[2026-06-07T01:08:06.580Z] error: <plexProxyHandler> HTTP 401 communicating with Plex. Data: <html><head><title>Unauthorized</title></head><body><h1>401 Unauthorized</h1></body></html>
[2026-06-07T01:08:06.591Z] error: <jellyfinProxyHandler> HTTP Error 401 calling http://jellyfin:8096/emby/Sessions?api_key=
[2026-06-07T01:08:06.605Z] error: <jellyfinProxyHandler> HTTP Error 401 calling http://jellyfin:8096/emby/Items/Counts?api_key=
[2026-06-07T01:08:06.635Z] error: <qbittorrentProxyHandler> HTTP 403 logging in to qBittorrent.  Data: Your IP address has been banned after too many failed authentication attempts.
[2026-06-07T01:08:06.701Z] error: <credentialedProxyHandler> HTTP Error 401 calling http://jellyseerr:5055/api/v1/request/count
[2026-06-07T01:08:12.227Z] error: <jellyfinProxyHandler> HTTP Error 401 calling http://jellyfin:8096/emby/Sessions?api_key=
[2026-06-07T01:08:12.228Z] error: <qbittorrentProxyHandler> HTTP 403 logging in to qBittorrent.  Data: Your IP address has been banned after too many failed authentication attempts.
[2026-06-07T01:08:17.229Z] error: <jellyfinProxyHandler> HTTP Error 401 calling http://jellyfin:8096/emby/Items/Counts?api_key=
[2026-06-07T01:08:39.570Z] error: <jellyfinProxyHandler> HTTP Error 401 calling http://jellyfin:8096/emby/Sessions?api_key=
[2026-06-07T01:08:39.583Z] error: <jellyfinProxyHandler> HTTP Error 401 calling http://jellyfin:8096/emby/Items/Counts?api_key=
[2026-06-07T01:08:39.588Z] error: <httpProxy> Error calling http://nzbget:6789/jsonrpc...
[2026-06-07T01:08:39.589Z] error: <httpProxy> [
  500,
  Error: socket hang up
      at ignore-listed frames {
    code: 'ECONNRESET'
  }
]
[2026-06-07T01:08:39.592Z] error: <plexProxyHandler> HTTP 401 communicating with Plex. Data: <html><head><title>Unauthorized</title></head><body><h1>401 Unauthorized</h1></body></html>
[2026-06-07T01:08:39.642Z] error: <qbittorrentProxyHandler> HTTP 403 logging in to qBittorrent.  Data: Your IP address has been banned after too many failed authentication attempts.
[2026-06-07T01:08:39.675Z] error: <credentialedProxyHandler> HTTP Error 401 calling http://jellyseerr:5055/api/v1/request/count
[2026-06-07T01:08:50.275Z] error: <jellyfinProxyHandler> HTTP Error 401 calling http://jellyfin:8096/emby/Sessions?api_key=
[2026-06-07T01:08:50.276Z] error: <jellyfinProxyHandler> HTTP Error 401 calling http://jellyfin:8096/emby/Items/Counts?api_key=
[2026-06-07T01:08:50.279Z] error: <qbittorrentProxyHandler> HTTP 403 logging in to qBittorrent.  Data: Your IP address has been banned after too many failed authentication attempts.
[2026-06-07T01:08:55.692Z] error: <jellyfinProxyHandler> HTTP Error 401 calling http://jellyfin:8096/emby/Items/Counts?api_key=
[2026-06-07T01:08:55.702Z] error: <jellyfinProxyHandler> HTTP Error 401 calling http://jellyfin:8096/emby/Sessions?api_key=
[2026-06-07T01:08:55.703Z] error: <plexProxyHandler> HTTP 401 communicating with Plex. Data: <html><head><title>Unauthorized</title></head><body><h1>401 Unauthorized</h1></body></html>
[2026-06-07T01:08:55.743Z] error: <qbittorrentProxyHandler> HTTP 403 logging in to qBittorrent.  Data: Your IP address has been banned after too many failed authentication attempts.
[2026-06-07T01:08:55.767Z] error: <credentialedProxyHandler> HTTP Error 401 calling http://jellyseerr:5055/api/v1/request/count
[2026-06-07T01:08:56.202Z] error: <plexProxyHandler> HTTP 401 communicating with Plex. Data: <html><head><title>Unauthorized</title></head><body><h1>401 Unauthorized</h1></body></html>
[2026-06-07T01:08:56.218Z] error: <httpProxy> Error calling http://nzbget:6789/jsonrpc...
[2026-06-07T01:08:56.220Z] error: <httpProxy> [
  500,
  Error: socket hang up
      at ignore-listed frames {
    code: 'ECONNRESET'
  }
]
[2026-06-07T01:08:56.220Z] error: <jellyfinProxyHandler> HTTP Error 401 calling http://jellyfin:8096/emby/Sessions?api_key=
[2026-06-07T01:08:56.224Z] error: <credentialedProxyHandler> HTTP Error 401 calling http://jellyseerr:5055/api/v1/request/count
[2026-06-07T01:08:56.226Z] error: <qbittorrentProxyHandler> HTTP 403 logging in to qBittorrent.  Data: Your IP address has been banned after too many failed authentication attempts.
[2026-06-07T01:08:56.227Z] error: <jellyfinProxyHandler> HTTP Error 401 calling http://jellyfin:8096/emby/Items/Counts?api_key=
[2026-06-07T01:09:07.235Z] error: <jellyfinProxyHandler> HTTP Error 401 calling http://jellyfin:8096/emby/Sessions?api_key=
[2026-06-07T01:09:07.235Z] error: <jellyfinProxyHandler> HTTP Error 401 calling http://jellyfin:8096/emby/Items/Counts?api_key=
[2026-06-07T01:09:07.237Z] error: <qbittorrentProxyHandler> HTTP 403 logging in to qBittorrent.  Data: Your IP address has been banned after too many failed authentication attempts.
[2026-06-07T01:10:25.831Z] error: <jellyfinProxyHandler> HTTP Error 401 calling http://jellyfin:8096/emby/Sessions?api_key=
[2026-06-07T01:10:25.831Z] error: <jellyfinProxyHandler> HTTP Error 401 calling http://jellyfin:8096/emby/Items/Counts?api_key=
[2026-06-07T01:10:25.832Z] error: <plexProxyHandler> HTTP 401 communicating with Plex. Data: <html><head><title>Unauthorized</title></head><body><h1>401 Unauthorized</h1></body></html>
[2026-06-07T01:10:25.866Z] error: <qbittorrentProxyHandler> HTTP 403 logging in to qBittorrent.  Data: Your IP address has been banned after too many failed authentication attempts.
[2026-06-07T01:10:25.900Z] error: <credentialedProxyHandler> HTTP Error 401 calling http://jellyseerr:5055/api/v1/request/count
[2026-06-07T01:10:52.710Z] error: Host validation failed for: dashboard.miguelemmara.me. Hint: Set the HOMEPAGE_ALLOWED_HOSTS environment variable to allow requests from this host / port.
[2026-06-07T01:10:53.097Z] error: Host validation failed for: dashboard.miguelemmara.me. Hint: Set the HOMEPAGE_ALLOWED_HOSTS environment variable to allow requests from this host / port.
[2026-06-07T01:10:53.099Z] error: Host validation failed for: dashboard.miguelemmara.me. Hint: Set the HOMEPAGE_ALLOWED_HOSTS environment variable to allow requests from this host / port.
[2026-06-07T01:10:53.111Z] error: Host validation failed for: dashboard.miguelemmara.me. Hint: Set the HOMEPAGE_ALLOWED_HOSTS environment variable to allow requests from this host / port.
[2026-06-07T01:10:53.115Z] error: Host validation failed for: dashboard.miguelemmara.me. Hint: Set the HOMEPAGE_ALLOWED_HOSTS environment variable to allow requests from this host / port.
[2026-06-07T01:10:53.118Z] error: Host validation failed for: dashboard.miguelemmara.me. Hint: Set the HOMEPAGE_ALLOWED_HOSTS environment variable to allow requests from this host / port.
[2026-06-07T01:10:53.183Z] error: Host validation failed for: dashboard.miguelemmara.me. Hint: Set the HOMEPAGE_ALLOWED_HOSTS environment variable to allow requests from this host / port.
[2026-06-07T01:10:53.216Z] error: Host validation failed for: dashboard.miguelemmara.me. Hint: Set the HOMEPAGE_ALLOWED_HOSTS environment variable to allow requests from this host / port.
[2026-06-07T01:11:06.754Z] error: Host validation failed for: dashboard.miguelemmara.me. Hint: Set the HOMEPAGE_ALLOWED_HOSTS environment variable to allow requests from this host / port.
[2026-06-07T01:11:06.764Z] error: Host validation failed for: dashboard.miguelemmara.me. Hint: Set the HOMEPAGE_ALLOWED_HOSTS environment variable to allow requests from this host / port.
[2026-06-07T01:11:07.466Z] error: Host validation failed for: dashboard.miguelemmara.me. Hint: Set the HOMEPAGE_ALLOWED_HOSTS environment variable to allow requests from this host / port.
[2026-06-07T01:11:07.608Z] error: Host validation failed for: dashboard.miguelemmara.me. Hint: Set the HOMEPAGE_ALLOWED_HOSTS environment variable to allow requests from this host / port.
[2026-06-07T01:11:07.616Z] error: Host validation failed for: dashboard.miguelemmara.me. Hint: Set the HOMEPAGE_ALLOWED_HOSTS environment variable to allow requests from this host / port.
[2026-06-07T01:11:07.630Z] error: Host validation failed for: dashboard.miguelemmara.me. Hint: Set the HOMEPAGE_ALLOWED_HOSTS environment variable to allow requests from this host / port.
[2026-06-07T01:11:07.633Z] error: Host validation failed for: dashboard.miguelemmara.me. Hint: Set the HOMEPAGE_ALLOWED_HOSTS environment variable to allow requests from this host / port.
[2026-06-07T01:11:07.638Z] error: Host validation failed for: dashboard.miguelemmara.me. Hint: Set the HOMEPAGE_ALLOWED_HOSTS environment variable to allow requests from this host / port.
[2026-06-07T01:11:07.642Z] error: Host validation failed for: dashboard.miguelemmara.me. Hint: Set the HOMEPAGE_ALLOWED_HOSTS environment variable to allow requests from this host / port.
[2026-06-07T01:11:07.652Z] error: Host validation failed for: dashboard.miguelemmara.me. Hint: Set the HOMEPAGE_ALLOWED_HOSTS environment variable to allow requests from this host / port.
[2026-06-07T01:11:07.670Z] error: Host validation failed for: dashboard.miguelemmara.me. Hint: Set the HOMEPAGE_ALLOWED_HOSTS environment variable to allow requests from this host / port.
[2026-06-07T01:11:07.674Z] error: Host validation failed for: dashboard.miguelemmara.me. Hint: Set the HOMEPAGE_ALLOWED_HOSTS environment variable to allow requests from this host / port.
[2026-06-07T01:11:07.676Z] error: Host validation failed for: dashboard.miguelemmara.me. Hint: Set the HOMEPAGE_ALLOWED_HOSTS environment variable to allow requests from this host / port.
[2026-06-07T01:11:07.680Z] error: Host validation failed for: dashboard.miguelemmara.me. Hint: Set the HOMEPAGE_ALLOWED_HOSTS environment variable to allow requests from this host / port.
[2026-06-07T01:11:07.684Z] error: Host validation failed for: dashboard.miguelemmara.me. Hint: Set the HOMEPAGE_ALLOWED_HOSTS environment variable to allow requests from this host / port.
[2026-06-07T01:11:07.686Z] error: Host validation failed for: dashboard.miguelemmara.me. Hint: Set the HOMEPAGE_ALLOWED_HOSTS environment variable to allow requests from this host / port.
[2026-06-07T01:11:07.691Z] error: Host validation failed for: dashboard.miguelemmara.me. Hint: Set the HOMEPAGE_ALLOWED_HOSTS environment variable to allow requests from this host / port.
[2026-06-07T01:11:07.693Z] error: Host validation failed for: dashboard.miguelemmara.me. Hint: Set the HOMEPAGE_ALLOWED_HOSTS environment variable to allow requests from this host / port.
[2026-06-07T01:11:07.697Z] error: Host validation failed for: dashboard.miguelemmara.me. Hint: Set the HOMEPAGE_ALLOWED_HOSTS environment variable to allow requests from this host / port.
[2026-06-07T01:11:07.702Z] error: Host validation failed for: dashboard.miguelemmara.me. Hint: Set the HOMEPAGE_ALLOWED_HOSTS environment variable to allow requests from this host / port.
[2026-06-07T01:11:07.704Z] error: Host validation failed for: dashboard.miguelemmara.me. Hint: Set the HOMEPAGE_ALLOWED_HOSTS environment variable to allow requests from this host / port.
[2026-06-07T01:11:07.707Z] error: Host validation failed for: dashboard.miguelemmara.me. Hint: Set the HOMEPAGE_ALLOWED_HOSTS environment variable to allow requests from this host / port.
[2026-06-07T01:11:07.714Z] error: Host validation failed for: dashboard.miguelemmara.me. Hint: Set the HOMEPAGE_ALLOWED_HOSTS environment variable to allow requests from this host / port.
[2026-06-07T01:11:07.750Z] error: Host validation failed for: dashboard.miguelemmara.me. Hint: Set the HOMEPAGE_ALLOWED_HOSTS environment variable to allow requests from this host / port.
[2026-06-07T01:11:07.810Z] error: Host validation failed for: dashboard.miguelemmara.me. Hint: Set the HOMEPAGE_ALLOWED_HOSTS environment variable to allow requests from this host / port.
[2026-06-07T01:11:08.552Z] error: Host validation failed for: dashboard.miguelemmara.me. Hint: Set the HOMEPAGE_ALLOWED_HOSTS environment variable to allow requests from this host / port.
[2026-06-07T01:11:08.725Z] error: Host validation failed for: dashboard.miguelemmara.me. Hint: Set the HOMEPAGE_ALLOWED_HOSTS environment variable to allow requests from this host / port.
[2026-06-07T01:11:08.727Z] error: Host validation failed for: dashboard.miguelemmara.me. Hint: Set the HOMEPAGE_ALLOWED_HOSTS environment variable to allow requests from this host / port.
[2026-06-07T01:11:08.729Z] error: Host validation failed for: dashboard.miguelemmara.me. Hint: Set the HOMEPAGE_ALLOWED_HOSTS environment variable to allow requests from this host / port.
[2026-06-07T01:11:08.732Z] error: Host validation failed for: dashboard.miguelemmara.me. Hint: Set the HOMEPAGE_ALLOWED_HOSTS environment variable to allow requests from this host / port.
[2026-06-07T01:11:08.734Z] error: Host validation failed for: dashboard.miguelemmara.me. Hint: Set the HOMEPAGE_ALLOWED_HOSTS environment variable to allow requests from this host / port.
[2026-06-07T01:11:08.736Z] error: Host validation failed for: dashboard.miguelemmara.me. Hint: Set the HOMEPAGE_ALLOWED_HOSTS environment variable to allow requests from this host / port.
[2026-06-07T01:11:08.741Z] error: Host validation failed for: dashboard.miguelemmara.me. Hint: Set the HOMEPAGE_ALLOWED_HOSTS environment variable to allow requests from this host / port.
[2026-06-07T01:11:08.801Z] error: Host validation failed for: dashboard.miguelemmara.me. Hint: Set the HOMEPAGE_ALLOWED_HOSTS environment variable to allow requests from this host / port.
[2026-06-07T01:11:08.805Z] error: Host validation failed for: dashboard.miguelemmara.me. Hint: Set the HOMEPAGE_ALLOWED_HOSTS environment variable to allow requests from this host / port.
[2026-06-07T01:11:08.809Z] error: Host validation failed for: dashboard.miguelemmara.me. Hint: Set the HOMEPAGE_ALLOWED_HOSTS environment variable to allow requests from this host / port.
[2026-06-07T01:11:08.811Z] error: Host validation failed for: dashboard.miguelemmara.me. Hint: Set the HOMEPAGE_ALLOWED_HOSTS environment variable to allow requests from this host / port.
[2026-06-07T01:11:08.814Z] error: Host validation failed for: dashboard.miguelemmara.me. Hint: Set the HOMEPAGE_ALLOWED_HOSTS environment variable to allow requests from this host / port.
[2026-06-07T01:11:08.816Z] error: Host validation failed for: dashboard.miguelemmara.me. Hint: Set the HOMEPAGE_ALLOWED_HOSTS environment variable to allow requests from this host / port.
[2026-06-07T01:11:08.818Z] error: Host validation failed for: dashboard.miguelemmara.me. Hint: Set the HOMEPAGE_ALLOWED_HOSTS environment variable to allow requests from this host / port.
[2026-06-07T01:11:08.822Z] error: Host validation failed for: dashboard.miguelemmara.me. Hint: Set the HOMEPAGE_ALLOWED_HOSTS environment variable to allow requests from this host / port.
[2026-06-07T01:11:08.849Z] error: Host validation failed for: dashboard.miguelemmara.me. Hint: Set the HOMEPAGE_ALLOWED_HOSTS environment variable to allow requests from this host / port.
[2026-06-07T01:11:08.855Z] error: Host validation failed for: dashboard.miguelemmara.me. Hint: Set the HOMEPAGE_ALLOWED_HOSTS environment variable to allow requests from this host / port.
[2026-06-07T01:11:08.864Z] error: Host validation failed for: dashboard.miguelemmara.me. Hint: Set the HOMEPAGE_ALLOWED_HOSTS environment variable to allow requests from this host / port.
[2026-06-07T01:11:08.879Z] error: Host validation failed for: dashboard.miguelemmara.me. Hint: Set the HOMEPAGE_ALLOWED_HOSTS environment variable to allow requests from this host / port.
[2026-06-07T01:11:08.886Z] error: Host validation failed for: dashboard.miguelemmara.me. Hint: Set the HOMEPAGE_ALLOWED_HOSTS environment variable to allow requests from this host / port.
[2026-06-07T01:11:08.890Z] error: Host validation failed for: dashboard.miguelemmara.me. Hint: Set the HOMEPAGE_ALLOWED_HOSTS environment variable to allow requests from this host / port.
[2026-06-07T01:11:08.948Z] error: Host validation failed for: dashboard.miguelemmara.me. Hint: Set the HOMEPAGE_ALLOWED_HOSTS environment variable to allow requests from this host / port.
[2026-06-07T01:11:09.805Z] error: Host validation failed for: dashboard.miguelemmara.me. Hint: Set the HOMEPAGE_ALLOWED_HOSTS environment variable to allow requests from this host / port.
[2026-06-07T01:11:09.993Z] error: Host validation failed for: dashboard.miguelemmara.me. Hint: Set the HOMEPAGE_ALLOWED_HOSTS environment variable to allow requests from this host / port.
[2026-06-07T01:11:09.996Z] error: Host validation failed for: dashboard.miguelemmara.me. Hint: Set the HOMEPAGE_ALLOWED_HOSTS environment variable to allow requests from this host / port.
[2026-06-07T01:11:09.998Z] error: Host validation failed for: dashboard.miguelemmara.me. Hint: Set the HOMEPAGE_ALLOWED_HOSTS environment variable to allow requests from this host / port.
[2026-06-07T01:11:10.002Z] error: Host validation failed for: dashboard.miguelemmara.me. Hint: Set the HOMEPAGE_ALLOWED_HOSTS environment variable to allow requests from this host / port.
[2026-06-07T01:11:10.011Z] error: Host validation failed for: dashboard.miguelemmara.me. Hint: Set the HOMEPAGE_ALLOWED_HOSTS environment variable to allow requests from this host / port.
[2026-06-07T01:11:10.015Z] error: Host validation failed for: dashboard.miguelemmara.me. Hint: Set the HOMEPAGE_ALLOWED_HOSTS environment variable to allow requests from this host / port.
[2026-06-07T01:11:10.019Z] error: Host validation failed for: dashboard.miguelemmara.me. Hint: Set the HOMEPAGE_ALLOWED_HOSTS environment variable to allow requests from this host / port.
[2026-06-07T01:11:10.059Z] error: Host validation failed for: dashboard.miguelemmara.me. Hint: Set the HOMEPAGE_ALLOWED_HOSTS environment variable to allow requests from this host / port.
[2026-06-07T01:11:10.062Z] error: Host validation failed for: dashboard.miguelemmara.me. Hint: Set the HOMEPAGE_ALLOWED_HOSTS environment variable to allow requests from this host / port.
[2026-06-07T01:11:10.064Z] error: Host validation failed for: dashboard.miguelemmara.me. Hint: Set the HOMEPAGE_ALLOWED_HOSTS environment variable to allow requests from this host / port.
[2026-06-07T01:11:10.066Z] error: Host validation failed for: dashboard.miguelemmara.me. Hint: Set the HOMEPAGE_ALLOWED_HOSTS environment variable to allow requests from this host / port.
[2026-06-07T01:11:10.068Z] error: Host validation failed for: dashboard.miguelemmara.me. Hint: Set the HOMEPAGE_ALLOWED_HOSTS environment variable to allow requests from this host / port.
[2026-06-07T01:11:10.069Z] error: Host validation failed for: dashboard.miguelemmara.me. Hint: Set the HOMEPAGE_ALLOWED_HOSTS environment variable to allow requests from this host / port.
[2026-06-07T01:11:10.071Z] error: Host validation failed for: dashboard.miguelemmara.me. Hint: Set the HOMEPAGE_ALLOWED_HOSTS environment variable to allow requests from this host / port.
[2026-06-07T01:11:10.073Z] error: Host validation failed for: dashboard.miguelemmara.me. Hint: Set the HOMEPAGE_ALLOWED_HOSTS environment variable to allow requests from this host / port.
[2026-06-07T01:11:10.076Z] error: Host validation failed for: dashboard.miguelemmara.me. Hint: Set the HOMEPAGE_ALLOWED_HOSTS environment variable to allow requests from this host / port.
[2026-06-07T01:11:10.099Z] error: Host validation failed for: dashboard.miguelemmara.me. Hint: Set the HOMEPAGE_ALLOWED_HOSTS environment variable to allow requests from this host / port.
[2026-06-07T01:11:10.101Z] error: Host validation failed for: dashboard.miguelemmara.me. Hint: Set the HOMEPAGE_ALLOWED_HOSTS environment variable to allow requests from this host / port.
[2026-06-07T01:11:10.107Z] error: Host validation failed for: dashboard.miguelemmara.me. Hint: Set the HOMEPAGE_ALLOWED_HOSTS environment variable to allow requests from this host / port.
[2026-06-07T01:11:10.113Z] error: Host validation failed for: dashboard.miguelemmara.me. Hint: Set the HOMEPAGE_ALLOWED_HOSTS environment variable to allow requests from this host / port.
[2026-06-07T01:11:10.117Z] error: Host validation failed for: dashboard.miguelemmara.me. Hint: Set the HOMEPAGE_ALLOWED_HOSTS environment variable to allow requests from this host / port.
[2026-06-07T01:11:10.192Z] error: Host validation failed for: dashboard.miguelemmara.me. Hint: Set the HOMEPAGE_ALLOWED_HOSTS environment variable to allow requests from this host / port.
[2026-06-07T01:11:10.425Z] error: Host validation failed for: dashboard.miguelemmara.me. Hint: Set the HOMEPAGE_ALLOWED_HOSTS environment variable to allow requests from this host / port.
[2026-06-07T01:11:10.600Z] error: Host validation failed for: dashboard.miguelemmara.me. Hint: Set the HOMEPAGE_ALLOWED_HOSTS environment variable to allow requests from this host / port.
[2026-06-07T01:11:10.603Z] error: Host validation failed for: dashboard.miguelemmara.me. Hint: Set the HOMEPAGE_ALLOWED_HOSTS environment variable to allow requests from this host / port.
[2026-06-07T01:11:10.604Z] error: Host validation failed for: dashboard.miguelemmara.me. Hint: Set the HOMEPAGE_ALLOWED_HOSTS environment variable to allow requests from this host / port.
[2026-06-07T01:11:10.608Z] error: Host validation failed for: dashboard.miguelemmara.me. Hint: Set the HOMEPAGE_ALLOWED_HOSTS environment variable to allow requests from this host / port.
[2026-06-07T01:11:10.614Z] error: Host validation failed for: dashboard.miguelemmara.me. Hint: Set the HOMEPAGE_ALLOWED_HOSTS environment variable to allow requests from this host / port.
[2026-06-07T01:11:10.616Z] error: Host validation failed for: dashboard.miguelemmara.me. Hint: Set the HOMEPAGE_ALLOWED_HOSTS environment variable to allow requests from this host / port.
[2026-06-07T01:11:10.618Z] error: Host validation failed for: dashboard.miguelemmara.me. Hint: Set the HOMEPAGE_ALLOWED_HOSTS environment variable to allow requests from this host / port.
[2026-06-07T01:11:10.639Z] error: Host validation failed for: dashboard.miguelemmara.me. Hint: Set the HOMEPAGE_ALLOWED_HOSTS environment variable to allow requests from this host / port.
[2026-06-07T01:11:10.641Z] error: Host validation failed for: dashboard.miguelemmara.me. Hint: Set the HOMEPAGE_ALLOWED_HOSTS environment variable to allow requests from this host / port.
[2026-06-07T01:11:10.643Z] error: Host validation failed for: dashboard.miguelemmara.me. Hint: Set the HOMEPAGE_ALLOWED_HOSTS environment variable to allow requests from this host / port.
[2026-06-07T01:11:10.645Z] error: Host validation failed for: dashboard.miguelemmara.me. Hint: Set the HOMEPAGE_ALLOWED_HOSTS environment variable to allow requests from this host / port.
[2026-06-07T01:11:10.646Z] error: Host validation failed for: dashboard.miguelemmara.me. Hint: Set the HOMEPAGE_ALLOWED_HOSTS environment variable to allow requests from this host / port.
[2026-06-07T01:11:10.648Z] error: Host validation failed for: dashboard.miguelemmara.me. Hint: Set the HOMEPAGE_ALLOWED_HOSTS environment variable to allow requests from this host / port.
[2026-06-07T01:11:10.649Z] error: Host validation failed for: dashboard.miguelemmara.me. Hint: Set the HOMEPAGE_ALLOWED_HOSTS environment variable to allow requests from this host / port.
[2026-06-07T01:11:10.652Z] error: Host validation failed for: dashboard.miguelemmara.me. Hint: Set the HOMEPAGE_ALLOWED_HOSTS environment variable to allow requests from this host / port.
[2026-06-07T01:11:10.656Z] error: Host validation failed for: dashboard.miguelemmara.me. Hint: Set the HOMEPAGE_ALLOWED_HOSTS environment variable to allow requests from this host / port.
[2026-06-07T01:11:10.659Z] error: Host validation failed for: dashboard.miguelemmara.me. Hint: Set the HOMEPAGE_ALLOWED_HOSTS environment variable to allow requests from this host / port.
[2026-06-07T01:11:10.661Z] error: Host validation failed for: dashboard.miguelemmara.me. Hint: Set the HOMEPAGE_ALLOWED_HOSTS environment variable to allow requests from this host / port.
[2026-06-07T01:11:10.666Z] error: Host validation failed for: dashboard.miguelemmara.me. Hint: Set the HOMEPAGE_ALLOWED_HOSTS environment variable to allow requests from this host / port.
[2026-06-07T01:11:10.668Z] error: Host validation failed for: dashboard.miguelemmara.me. Hint: Set the HOMEPAGE_ALLOWED_HOSTS environment variable to allow requests from this host / port.
[2026-06-07T01:11:10.673Z] error: Host validation failed for: dashboard.miguelemmara.me. Hint: Set the HOMEPAGE_ALLOWED_HOSTS environment variable to allow requests from this host / port.
[2026-06-07T01:11:10.764Z] error: Host validation failed for: dashboard.miguelemmara.me. Hint: Set the HOMEPAGE_ALLOWED_HOSTS environment variable to allow requests from this host / port.
[2026-06-07T01:11:11.287Z] error: Host validation failed for: dashboard.miguelemmara.me. Hint: Set the HOMEPAGE_ALLOWED_HOSTS environment variable to allow requests from this host / port.
[2026-06-07T01:11:11.461Z] error: Host validation failed for: dashboard.miguelemmara.me. Hint: Set the HOMEPAGE_ALLOWED_HOSTS environment variable to allow requests from this host / port.
[2026-06-07T01:11:11.463Z] error: Host validation failed for: dashboard.miguelemmara.me. Hint: Set the HOMEPAGE_ALLOWED_HOSTS environment variable to allow requests from this host / port.
[2026-06-07T01:11:11.467Z] error: Host validation failed for: dashboard.miguelemmara.me. Hint: Set the HOMEPAGE_ALLOWED_HOSTS environment variable to allow requests from this host / port.
[2026-06-07T01:11:11.469Z] error: Host validation failed for: dashboard.miguelemmara.me. Hint: Set the HOMEPAGE_ALLOWED_HOSTS environment variable to allow requests from this host / port.
[2026-06-07T01:11:11.478Z] error: Host validation failed for: dashboard.miguelemmara.me. Hint: Set the HOMEPAGE_ALLOWED_HOSTS environment variable to allow requests from this host / port.
[2026-06-07T01:11:11.482Z] error: Host validation failed for: dashboard.miguelemmara.me. Hint: Set the HOMEPAGE_ALLOWED_HOSTS environment variable to allow requests from this host / port.
[2026-06-07T01:11:11.484Z] error: Host validation failed for: dashboard.miguelemmara.me. Hint: Set the HOMEPAGE_ALLOWED_HOSTS environment variable to allow requests from this host / port.
[2026-06-07T01:11:11.486Z] error: Host validation failed for: dashboard.miguelemmara.me. Hint: Set the HOMEPAGE_ALLOWED_HOSTS environment variable to allow requests from this host / port.
[2026-06-07T01:11:11.489Z] error: Host validation failed for: dashboard.miguelemmara.me. Hint: Set the HOMEPAGE_ALLOWED_HOSTS environment variable to allow requests from this host / port.
[2026-06-07T01:11:11.491Z] error: Host validation failed for: dashboard.miguelemmara.me. Hint: Set the HOMEPAGE_ALLOWED_HOSTS environment variable to allow requests from this host / port.
[2026-06-07T01:11:11.494Z] error: Host validation failed for: dashboard.miguelemmara.me. Hint: Set the HOMEPAGE_ALLOWED_HOSTS environment variable to allow requests from this host / port.
[2026-06-07T01:11:11.503Z] error: Host validation failed for: dashboard.miguelemmara.me. Hint: Set the HOMEPAGE_ALLOWED_HOSTS environment variable to allow requests from this host / port.
[2026-06-07T01:11:11.506Z] error: Host validation failed for: dashboard.miguelemmara.me. Hint: Set the HOMEPAGE_ALLOWED_HOSTS environment variable to allow requests from this host / port.
[2026-06-07T01:11:11.508Z] error: Host validation failed for: dashboard.miguelemmara.me. Hint: Set the HOMEPAGE_ALLOWED_HOSTS environment variable to allow requests from this host / port.
[2026-06-07T01:11:11.511Z] error: Host validation failed for: dashboard.miguelemmara.me. Hint: Set the HOMEPAGE_ALLOWED_HOSTS environment variable to allow requests from this host / port.
[2026-06-07T01:11:11.514Z] error: Host validation failed for: dashboard.miguelemmara.me. Hint: Set the HOMEPAGE_ALLOWED_HOSTS environment variable to allow requests from this host / port.
[2026-06-07T01:11:11.516Z] error: Host validation failed for: dashboard.miguelemmara.me. Hint: Set the HOMEPAGE_ALLOWED_HOSTS environment variable to allow requests from this host / port.
[2026-06-07T01:11:11.517Z] error: Host validation failed for: dashboard.miguelemmara.me. Hint: Set the HOMEPAGE_ALLOWED_HOSTS environment variable to allow requests from this host / port.
[2026-06-07T01:11:11.520Z] error: Host validation failed for: dashboard.miguelemmara.me. Hint: Set the HOMEPAGE_ALLOWED_HOSTS environment variable to allow requests from this host / port.
[2026-06-07T01:11:11.521Z] error: Host validation failed for: dashboard.miguelemmara.me. Hint: Set the HOMEPAGE_ALLOWED_HOSTS environment variable to allow requests from this host / port.
[2026-06-07T01:11:11.523Z] error: Host validation failed for: dashboard.miguelemmara.me. Hint: Set the HOMEPAGE_ALLOWED_HOSTS environment variable to allow requests from this host / port.
[2026-06-07T01:11:11.551Z] error: Host validation failed for: dashboard.miguelemmara.me. Hint: Set the HOMEPAGE_ALLOWED_HOSTS environment variable to allow requests from this host / port.
[2026-06-07T01:11:11.775Z] error: Host validation failed for: dashboard.miguelemmara.me. Hint: Set the HOMEPAGE_ALLOWED_HOSTS environment variable to allow requests from this host / port.
[2026-06-07T01:11:11.776Z] error: Host validation failed for: dashboard.miguelemmara.me. Hint: Set the HOMEPAGE_ALLOWED_HOSTS environment variable to allow requests from this host / port.
[2026-06-07T01:11:11.778Z] error: Host validation failed for: dashboard.miguelemmara.me. Hint: Set the HOMEPAGE_ALLOWED_HOSTS environment variable to allow requests from this host / port.
[2026-06-07T01:11:11.780Z] error: Host validation failed for: dashboard.miguelemmara.me. Hint: Set the HOMEPAGE_ALLOWED_HOSTS environment variable to allow requests from this host / port.
[2026-06-07T01:11:11.785Z] error: Host validation failed for: dashboard.miguelemmara.me. Hint: Set the HOMEPAGE_ALLOWED_HOSTS environment variable to allow requests from this host / port.
[2026-06-07T01:11:11.786Z] error: Host validation failed for: dashboard.miguelemmara.me. Hint: Set the HOMEPAGE_ALLOWED_HOSTS environment variable to allow requests from this host / port.
[2026-06-07T01:11:11.788Z] error: Host validation failed for: dashboard.miguelemmara.me. Hint: Set the HOMEPAGE_ALLOWED_HOSTS environment variable to allow requests from this host / port.
[2026-06-07T01:11:11.866Z] error: Host validation failed for: dashboard.miguelemmara.me. Hint: Set the HOMEPAGE_ALLOWED_HOSTS environment variable to allow requests from this host / port.
[2026-06-07T01:11:11.869Z] error: Host validation failed for: dashboard.miguelemmara.me. Hint: Set the HOMEPAGE_ALLOWED_HOSTS environment variable to allow requests from this host / port.
[2026-06-07T01:11:11.871Z] error: Host validation failed for: dashboard.miguelemmara.me. Hint: Set the HOMEPAGE_ALLOWED_HOSTS environment variable to allow requests from this host / port.
[2026-06-07T01:11:11.872Z] error: Host validation failed for: dashboard.miguelemmara.me. Hint: Set the HOMEPAGE_ALLOWED_HOSTS environment variable to allow requests from this host / port.
[2026-06-07T01:11:11.881Z] error: Host validation failed for: dashboard.miguelemmara.me. Hint: Set the HOMEPAGE_ALLOWED_HOSTS environment variable to allow requests from this host / port.
[2026-06-07T01:11:11.884Z] error: Host validation failed for: dashboard.miguelemmara.me. Hint: Set the HOMEPAGE_ALLOWED_HOSTS environment variable to allow requests from this host / port.
[2026-06-07T01:11:11.886Z] error: Host validation failed for: dashboard.miguelemmara.me. Hint: Set the HOMEPAGE_ALLOWED_HOSTS environment variable to allow requests from this host / port.
[2026-06-07T01:11:11.888Z] error: Host validation failed for: dashboard.miguelemmara.me. Hint: Set the HOMEPAGE_ALLOWED_HOSTS environment variable to allow requests from this host / port.
[2026-06-07T01:11:11.894Z] error: Host validation failed for: dashboard.miguelemmara.me. Hint: Set the HOMEPAGE_ALLOWED_HOSTS environment variable to allow requests from this host / port.
[2026-06-07T01:11:12.171Z] error: Host validation failed for: dashboard.miguelemmara.me. Hint: Set the HOMEPAGE_ALLOWED_HOSTS environment variable to allow requests from this host / port.
[2026-06-07T01:11:12.178Z] error: Host validation failed for: dashboard.miguelemmara.me. Hint: Set the HOMEPAGE_ALLOWED_HOSTS environment variable to allow requests from this host / port.
[2026-06-07T01:11:12.179Z] error: Host validation failed for: dashboard.miguelemmara.me. Hint: Set the HOMEPAGE_ALLOWED_HOSTS environment variable to allow requests from this host / port.
[2026-06-07T01:11:12.181Z] error: Host validation failed for: dashboard.miguelemmara.me. Hint: Set the HOMEPAGE_ALLOWED_HOSTS environment variable to allow requests from this host / port.
[2026-06-07T01:11:12.184Z] error: Host validation failed for: dashboard.miguelemmara.me. Hint: Set the HOMEPAGE_ALLOWED_HOSTS environment variable to allow requests from this host / port.
[2026-06-07T01:11:12.245Z] error: Host validation failed for: dashboard.miguelemmara.me. Hint: Set the HOMEPAGE_ALLOWED_HOSTS environment variable to allow requests from this host / port.
[2026-06-07T01:11:12.321Z] error: Host validation failed for: dashboard.miguelemmara.me. Hint: Set the HOMEPAGE_ALLOWED_HOSTS environment variable to allow requests from this host / port.
[2026-06-07T01:11:12.494Z] error: Host validation failed for: dashboard.miguelemmara.me. Hint: Set the HOMEPAGE_ALLOWED_HOSTS environment variable to allow requests from this host / port.
[2026-06-07T01:11:12.496Z] error: Host validation failed for: dashboard.miguelemmara.me. Hint: Set the HOMEPAGE_ALLOWED_HOSTS environment variable to allow requests from this host / port.
[2026-06-07T01:11:12.501Z] error: Host validation failed for: dashboard.miguelemmara.me. Hint: Set the HOMEPAGE_ALLOWED_HOSTS environment variable to allow requests from this host / port.
[2026-06-07T01:11:12.506Z] error: Host validation failed for: dashboard.miguelemmara.me. Hint: Set the HOMEPAGE_ALLOWED_HOSTS environment variable to allow requests from this host / port.
[2026-06-07T01:11:12.509Z] error: Host validation failed for: dashboard.miguelemmara.me. Hint: Set the HOMEPAGE_ALLOWED_HOSTS environment variable to allow requests from this host / port.
[2026-06-07T01:11:12.510Z] error: Host validation failed for: dashboard.miguelemmara.me. Hint: Set the HOMEPAGE_ALLOWED_HOSTS environment variable to allow requests from this host / port.
[2026-06-07T01:11:12.512Z] error: Host validation failed for: dashboard.miguelemmara.me. Hint: Set the HOMEPAGE_ALLOWED_HOSTS environment variable to allow requests from this host / port.
[2026-06-07T01:11:12.515Z] error: Host validation failed for: dashboard.miguelemmara.me. Hint: Set the HOMEPAGE_ALLOWED_HOSTS environment variable to allow requests from this host / port.
[2026-06-07T01:11:12.517Z] error: Host validation failed for: dashboard.miguelemmara.me. Hint: Set the HOMEPAGE_ALLOWED_HOSTS environment variable to allow requests from this host / port.
[2026-06-07T01:11:12.518Z] error: Host validation failed for: dashboard.miguelemmara.me. Hint: Set the HOMEPAGE_ALLOWED_HOSTS environment variable to allow requests from this host / port.
[2026-06-07T01:11:12.521Z] error: Host validation failed for: dashboard.miguelemmara.me. Hint: Set the HOMEPAGE_ALLOWED_HOSTS environment variable to allow requests from this host / port.
[2026-06-07T01:11:12.525Z] error: Host validation failed for: dashboard.miguelemmara.me. Hint: Set the HOMEPAGE_ALLOWED_HOSTS environment variable to allow requests from this host / port.
[2026-06-07T01:11:12.528Z] error: Host validation failed for: dashboard.miguelemmara.me. Hint: Set the HOMEPAGE_ALLOWED_HOSTS environment variable to allow requests from this host / port.
[2026-06-07T01:11:12.530Z] error: Host validation failed for: dashboard.miguelemmara.me. Hint: Set the HOMEPAGE_ALLOWED_HOSTS environment variable to allow requests from this host / port.
[2026-06-07T01:11:12.550Z] error: Host validation failed for: dashboard.miguelemmara.me. Hint: Set the HOMEPAGE_ALLOWED_HOSTS environment variable to allow requests from this host / port.
[2026-06-07T01:11:12.576Z] error: Host validation failed for: dashboard.miguelemmara.me. Hint: Set the HOMEPAGE_ALLOWED_HOSTS environment variable to allow requests from this host / port.
[2026-06-07T01:11:12.582Z] error: Host validation failed for: dashboard.miguelemmara.me. Hint: Set the HOMEPAGE_ALLOWED_HOSTS environment variable to allow requests from this host / port.
[2026-06-07T01:11:12.584Z] error: Host validation failed for: dashboard.miguelemmara.me. Hint: Set the HOMEPAGE_ALLOWED_HOSTS environment variable to allow requests from this host / port.
[2026-06-07T01:11:12.586Z] error: Host validation failed for: dashboard.miguelemmara.me. Hint: Set the HOMEPAGE_ALLOWED_HOSTS environment variable to allow requests from this host / port.
[2026-06-07T01:11:12.591Z] error: Host validation failed for: dashboard.miguelemmara.me. Hint: Set the HOMEPAGE_ALLOWED_HOSTS environment variable to allow requests from this host / port.
[2026-06-07T01:11:12.594Z] error: Host validation failed for: dashboard.miguelemmara.me. Hint: Set the HOMEPAGE_ALLOWED_HOSTS environment variable to allow requests from this host / port.
[2026-06-07T01:11:12.645Z] error: Host validation failed for: dashboard.miguelemmara.me. Hint: Set the HOMEPAGE_ALLOWED_HOSTS environment variable to allow requests from this host / port.
[2026-06-07T01:11:18.149Z] error: Host validation failed for: dashboard.miguelemmara.me. Hint: Set the HOMEPAGE_ALLOWED_HOSTS environment variable to allow requests from this host / port.
[2026-06-07T01:11:18.152Z] error: Host validation failed for: dashboard.miguelemmara.me. Hint: Set the HOMEPAGE_ALLOWED_HOSTS environment variable to allow requests from this host / port.
[2026-06-07T01:11:19.742Z] error: Host validation failed for: dashboard.miguelemmara.me. Hint: Set the HOMEPAGE_ALLOWED_HOSTS environment variable to allow requests from this host / port.
[2026-06-07T01:11:20.302Z] error: Host validation failed for: dashboard.miguelemmara.me. Hint: Set the HOMEPAGE_ALLOWED_HOSTS environment variable to allow requests from this host / port.
[2026-06-07T01:11:20.525Z] error: Host validation failed for: dashboard.miguelemmara.me. Hint: Set the HOMEPAGE_ALLOWED_HOSTS environment variable to allow requests from this host / port.
[2026-06-07T01:11:20.528Z] error: Host validation failed for: dashboard.miguelemmara.me. Hint: Set the HOMEPAGE_ALLOWED_HOSTS environment variable to allow requests from this host / port.
[2026-06-07T01:11:20.531Z] error: Host validation failed for: dashboard.miguelemmara.me. Hint: Set the HOMEPAGE_ALLOWED_HOSTS environment variable to allow requests from this host / port.
[2026-06-07T01:11:20.534Z] error: Host validation failed for: dashboard.miguelemmara.me. Hint: Set the HOMEPAGE_ALLOWED_HOSTS environment variable to allow requests from this host / port.
[2026-06-07T01:11:20.536Z] error: Host validation failed for: dashboard.miguelemmara.me. Hint: Set the HOMEPAGE_ALLOWED_HOSTS environment variable to allow requests from this host / port.
[2026-06-07T01:11:20.539Z] error: Host validation failed for: dashboard.miguelemmara.me. Hint: Set the HOMEPAGE_ALLOWED_HOSTS environment variable to allow requests from this host / port.
[2026-06-07T01:11:20.543Z] error: Host validation failed for: dashboard.miguelemmara.me. Hint: Set the HOMEPAGE_ALLOWED_HOSTS environment variable to allow requests from this host / port.
[2026-06-07T01:11:20.548Z] error: Host validation failed for: dashboard.miguelemmara.me. Hint: Set the HOMEPAGE_ALLOWED_HOSTS environment variable to allow requests from this host / port.
[2026-06-07T01:11:20.551Z] error: Host validation failed for: dashboard.miguelemmara.me. Hint: Set the HOMEPAGE_ALLOWED_HOSTS environment variable to allow requests from this host / port.
[2026-06-07T01:11:20.553Z] error: Host validation failed for: dashboard.miguelemmara.me. Hint: Set the HOMEPAGE_ALLOWED_HOSTS environment variable to allow requests from this host / port.
[2026-06-07T01:11:20.557Z] error: Host validation failed for: dashboard.miguelemmara.me. Hint: Set the HOMEPAGE_ALLOWED_HOSTS environment variable to allow requests from this host / port.
[2026-06-07T01:11:20.564Z] error: Host validation failed for: dashboard.miguelemmara.me. Hint: Set the HOMEPAGE_ALLOWED_HOSTS environment variable to allow requests from this host / port.
[2026-06-07T01:11:20.567Z] error: Host validation failed for: dashboard.miguelemmara.me. Hint: Set the HOMEPAGE_ALLOWED_HOSTS environment variable to allow requests from this host / port.
[2026-06-07T01:11:20.570Z] error: Host validation failed for: dashboard.miguelemmara.me. Hint: Set the HOMEPAGE_ALLOWED_HOSTS environment variable to allow requests from this host / port.
[2026-06-07T01:11:20.576Z] error: Host validation failed for: dashboard.miguelemmara.me. Hint: Set the HOMEPAGE_ALLOWED_HOSTS environment variable to allow requests from this host / port.
[2026-06-07T01:11:20.606Z] error: Host validation failed for: dashboard.miguelemmara.me. Hint: Set the HOMEPAGE_ALLOWED_HOSTS environment variable to allow requests from this host / port.
[2026-06-07T01:11:20.611Z] error: Host validation failed for: dashboard.miguelemmara.me. Hint: Set the HOMEPAGE_ALLOWED_HOSTS environment variable to allow requests from this host / port.
[2026-06-07T01:11:20.613Z] error: Host validation failed for: dashboard.miguelemmara.me. Hint: Set the HOMEPAGE_ALLOWED_HOSTS environment variable to allow requests from this host / port.
[2026-06-07T01:11:20.616Z] error: Host validation failed for: dashboard.miguelemmara.me. Hint: Set the HOMEPAGE_ALLOWED_HOSTS environment variable to allow requests from this host / port.
[2026-06-07T01:11:20.619Z] error: Host validation failed for: dashboard.miguelemmara.me. Hint: Set the HOMEPAGE_ALLOWED_HOSTS environment variable to allow requests from this host / port.
[2026-06-07T01:11:20.622Z] error: Host validation failed for: dashboard.miguelemmara.me. Hint: Set the HOMEPAGE_ALLOWED_HOSTS environment variable to allow requests from this host / port.
[2026-06-07T01:11:20.725Z] error: Host validation failed for: dashboard.miguelemmara.me. Hint: Set the HOMEPAGE_ALLOWED_HOSTS environment variable to allow requests from this host / port.
[2026-06-07T01:11:23.345Z] error: Host validation failed for: dashboard.miguelemmara.me. Hint: Set the HOMEPAGE_ALLOWED_HOSTS environment variable to allow requests from this host / port.
[2026-06-07T01:11:26.529Z] error: <jellyfinProxyHandler> HTTP Error 401 calling http://jellyfin:8096/emby/Items/Counts?api_key=
[2026-06-07T01:11:26.529Z] error: <jellyfinProxyHandler> HTTP Error 401 calling http://jellyfin:8096/emby/Sessions?api_key=
[2026-06-07T01:11:26.542Z] error: <plexProxyHandler> HTTP 401 communicating with Plex. Data: <html><head><title>Unauthorized</title></head><body><h1>401 Unauthorized</h1></body></html>
[2026-06-07T01:11:26.543Z] error: <httpProxy> Error calling http://nzbget:6789/jsonrpc...
[2026-06-07T01:11:26.546Z] error: <httpProxy> [
  500,
  Error: socket hang up
      at ignore-listed frames {
    code: 'ECONNRESET'
  }
]
[2026-06-07T01:11:26.562Z] error: <qbittorrentProxyHandler> HTTP 403 logging in to qBittorrent.  Data: Your IP address has been banned after too many failed authentication attempts.
[2026-06-07T01:11:26.577Z] error: <credentialedProxyHandler> HTTP Error 401 calling http://jellyseerr:5055/api/v1/request/count
[2026-06-07T01:11:27.734Z] error: Host validation failed for: dashboard.miguelemmara.me. Hint: Set the HOMEPAGE_ALLOWED_HOSTS environment variable to allow requests from this host / port.
[2026-06-07T01:11:27.740Z] error: Host validation failed for: dashboard.miguelemmara.me. Hint: Set the HOMEPAGE_ALLOWED_HOSTS environment variable to allow requests from this host / port.
[2026-06-07T01:11:27.873Z] error: Host validation failed for: dashboard.miguelemmara.me. Hint: Set the HOMEPAGE_ALLOWED_HOSTS environment variable to allow requests from this host / port.
[2026-06-07T01:11:28.209Z] error: Host validation failed for: dashboard.miguelemmara.me. Hint: Set the HOMEPAGE_ALLOWED_HOSTS environment variable to allow requests from this host / port.
[2026-06-07T01:11:28.397Z] error: Host validation failed for: dashboard.miguelemmara.me. Hint: Set the HOMEPAGE_ALLOWED_HOSTS environment variable to allow requests from this host / port.
[2026-06-07T01:11:28.406Z] error: Host validation failed for: dashboard.miguelemmara.me. Hint: Set the HOMEPAGE_ALLOWED_HOSTS environment variable to allow requests from this host / port.
[2026-06-07T01:11:28.410Z] error: Host validation failed for: dashboard.miguelemmara.me. Hint: Set the HOMEPAGE_ALLOWED_HOSTS environment variable to allow requests from this host / port.
[2026-06-07T01:11:28.415Z] error: Host validation failed for: dashboard.miguelemmara.me. Hint: Set the HOMEPAGE_ALLOWED_HOSTS environment variable to allow requests from this host / port.
[2026-06-07T01:11:28.417Z] error: Host validation failed for: dashboard.miguelemmara.me. Hint: Set the HOMEPAGE_ALLOWED_HOSTS environment variable to allow requests from this host / port.
[2026-06-07T01:11:28.419Z] error: Host validation failed for: dashboard.miguelemmara.me. Hint: Set the HOMEPAGE_ALLOWED_HOSTS environment variable to allow requests from this host / port.
[2026-06-07T01:11:28.424Z] error: Host validation failed for: dashboard.miguelemmara.me. Hint: Set the HOMEPAGE_ALLOWED_HOSTS environment variable to allow requests from this host / port.
[2026-06-07T01:11:28.427Z] error: Host validation failed for: dashboard.miguelemmara.me. Hint: Set the HOMEPAGE_ALLOWED_HOSTS environment variable to allow requests from this host / port.
[2026-06-07T01:11:28.429Z] error: Host validation failed for: dashboard.miguelemmara.me. Hint: Set the HOMEPAGE_ALLOWED_HOSTS environment variable to allow requests from this host / port.
[2026-06-07T01:11:28.432Z] error: Host validation failed for: dashboard.miguelemmara.me. Hint: Set the HOMEPAGE_ALLOWED_HOSTS environment variable to allow requests from this host / port.
[2026-06-07T01:11:28.434Z] error: Host validation failed for: dashboard.miguelemmara.me. Hint: Set the HOMEPAGE_ALLOWED_HOSTS environment variable to allow requests from this host / port.
[2026-06-07T01:11:28.436Z] error: Host validation failed for: dashboard.miguelemmara.me. Hint: Set the HOMEPAGE_ALLOWED_HOSTS environment variable to allow requests from this host / port.
[2026-06-07T01:11:28.460Z] error: Host validation failed for: dashboard.miguelemmara.me. Hint: Set the HOMEPAGE_ALLOWED_HOSTS environment variable to allow requests from this host / port.
[2026-06-07T01:11:28.462Z] error: Host validation failed for: dashboard.miguelemmara.me. Hint: Set the HOMEPAGE_ALLOWED_HOSTS environment variable to allow requests from this host / port.
[2026-06-07T01:11:28.464Z] error: Host validation failed for: dashboard.miguelemmara.me. Hint: Set the HOMEPAGE_ALLOWED_HOSTS environment variable to allow requests from this host / port.
[2026-06-07T01:11:28.468Z] error: Host validation failed for: dashboard.miguelemmara.me. Hint: Set the HOMEPAGE_ALLOWED_HOSTS environment variable to allow requests from this host / port.
[2026-06-07T01:11:28.473Z] error: Host validation failed for: dashboard.miguelemmara.me. Hint: Set the HOMEPAGE_ALLOWED_HOSTS environment variable to allow requests from this host / port.
[2026-06-07T01:11:28.477Z] error: Host validation failed for: dashboard.miguelemmara.me. Hint: Set the HOMEPAGE_ALLOWED_HOSTS environment variable to allow requests from this host / port.
[2026-06-07T01:11:28.483Z] error: Host validation failed for: dashboard.miguelemmara.me. Hint: Set the HOMEPAGE_ALLOWED_HOSTS environment variable to allow requests from this host / port.
[2026-06-07T01:11:28.487Z] error: Host validation failed for: dashboard.miguelemmara.me. Hint: Set the HOMEPAGE_ALLOWED_HOSTS environment variable to allow requests from this host / port.
[2026-06-07T01:11:28.492Z] error: Host validation failed for: dashboard.miguelemmara.me. Hint: Set the HOMEPAGE_ALLOWED_HOSTS environment variable to allow requests from this host / port.
[2026-06-07T01:11:28.550Z] error: Host validation failed for: dashboard.miguelemmara.me. Hint: Set the HOMEPAGE_ALLOWED_HOSTS environment variable to allow requests from this host / port.
[2026-06-07T01:11:32.233Z] error: <jellyfinProxyHandler> HTTP Error 401 calling http://jellyfin:8096/emby/Sessions?api_key=
[2026-06-07T01:11:37.233Z] error: <jellyfinProxyHandler> HTTP Error 401 calling http://jellyfin:8096/emby/Items/Counts?api_key=
[2026-06-07T01:11:37.236Z] error: <qbittorrentProxyHandler> HTTP 403 logging in to qBittorrent.  Data: Your IP address has been banned after too many failed authentication attempts.
[2026-06-07T01:11:49.322Z] error: <jellyfinProxyHandler> HTTP Error 401 calling http://jellyfin:8096/emby/Sessions?api_key=
[2026-06-07T01:11:49.324Z] error: <jellyfinProxyHandler> HTTP Error 401 calling http://jellyfin:8096/emby/Items/Counts?api_key=
[2026-06-07T01:11:49.377Z] error: <plexProxyHandler> HTTP 401 communicating with Plex. Data: <html><head><title>Unauthorized</title></head><body><h1>401 Unauthorized</h1></body></html>
[2026-06-07T01:11:49.385Z] error: <qbittorrentProxyHandler> HTTP 403 logging in to qBittorrent.  Data: Your IP address has been banned after too many failed authentication attempts.
[2026-06-07T01:11:49.402Z] error: <credentialedProxyHandler> HTTP Error 401 calling http://jellyseerr:5055/api/v1/request/count
[2026-06-07T01:11:49.611Z] info: 🌐 i18next is made possible by our own product, Locize — consider powering your project with managed localization (AI, CDN, integrations): https://locize.com 💙
[2026-06-07T01:11:49.824Z] error: <plexProxyHandler> HTTP 401 communicating with Plex. Data: <html><head><title>Unauthorized</title></head><body><h1>401 Unauthorized</h1></body></html>
[2026-06-07T01:11:49.831Z] error: <jellyfinProxyHandler> HTTP Error 401 calling http://jellyfin:8096/emby/Sessions?api_key=
[2026-06-07T01:11:49.844Z] error: <jellyfinProxyHandler> HTTP Error 401 calling http://jellyfin:8096/emby/Items/Counts?api_key=
[2026-06-07T01:11:49.845Z] error: <httpProxy> Error calling http://nzbget:6789/jsonrpc...
[2026-06-07T01:11:49.849Z] error: <httpProxy> [
  500,
  Error: socket hang up
      at ignore-listed frames {
    code: 'ECONNRESET'
  }
]
[2026-06-07T01:11:49.865Z] error: <qbittorrentProxyHandler> HTTP 403 logging in to qBittorrent.  Data: Your IP address has been banned after too many failed authentication attempts.
[2026-06-07T01:11:49.869Z] error: <credentialedProxyHandler> HTTP Error 401 calling http://jellyseerr:5055/api/v1/request/count
[2026-06-07T01:11:50.471Z] error: <plexProxyHandler> HTTP 401 communicating with Plex. Data: <html><head><title>Unauthorized</title></head><body><h1>401 Unauthorized</h1></body></html>
[2026-06-07T01:11:50.473Z] error: <jellyfinProxyHandler> HTTP Error 401 calling http://jellyfin:8096/emby/Items/Counts?api_key=
[2026-06-07T01:11:50.476Z] error: <jellyfinProxyHandler> HTTP Error 401 calling http://jellyfin:8096/emby/Sessions?api_key=
[2026-06-07T01:11:50.487Z] error: <credentialedProxyHandler> HTTP Error 401 calling http://jellyseerr:5055/api/v1/request/count
[2026-06-07T01:11:50.499Z] error: <qbittorrentProxyHandler> HTTP 403 logging in to qBittorrent.  Data: Your IP address has been banned after too many failed authentication attempts.
[2026-06-07T01:11:51.070Z] error: <jellyfinProxyHandler> HTTP Error 401 calling http://jellyfin:8096/emby/Sessions?api_key=
[2026-06-07T01:11:51.071Z] error: <plexProxyHandler> HTTP 401 communicating with Plex. Data: <html><head><title>Unauthorized</title></head><body><h1>401 Unauthorized</h1></body></html>
[2026-06-07T01:11:51.084Z] error: <jellyfinProxyHandler> HTTP Error 401 calling http://jellyfin:8096/emby/Items/Counts?api_key=
[2026-06-07T01:11:51.089Z] error: <httpProxy> Error calling http://nzbget:6789/jsonrpc...
[2026-06-07T01:11:51.094Z] error: <httpProxy> [
  500,
  Error: socket hang up
      at ignore-listed frames {
    code: 'ECONNRESET'
  }
]
[2026-06-07T01:11:51.101Z] error: <qbittorrentProxyHandler> HTTP 403 logging in to qBittorrent.  Data: Your IP address has been banned after too many failed authentication attempts.
[2026-06-07T01:11:51.112Z] error: <credentialedProxyHandler> HTTP Error 401 calling http://jellyseerr:5055/api/v1/request/count
[2026-06-07T01:11:53.679Z] error: <jellyfinProxyHandler> HTTP Error 401 calling http://jellyfin:8096/emby/Items/Counts?api_key=
[2026-06-07T01:11:53.680Z] error: <plexProxyHandler> HTTP 401 communicating with Plex. Data: <html><head><title>Unauthorized</title></head><body><h1>401 Unauthorized</h1></body></html>
[2026-06-07T01:11:53.682Z] error: <jellyfinProxyHandler> HTTP Error 401 calling http://jellyfin:8096/emby/Sessions?api_key=
[2026-06-07T01:11:53.811Z] error: <qbittorrentProxyHandler> HTTP 403 logging in to qBittorrent.  Data: Your IP address has been banned after too many failed authentication attempts.
[2026-06-07T01:11:53.891Z] error: <credentialedProxyHandler> HTTP Error 401 calling http://jellyseerr:5055/api/v1/request/count
[2026-06-07T01:11:58.576Z] error: <plexProxyHandler> HTTP 401 communicating with Plex. Data: <html><head><title>Unauthorized</title></head><body><h1>401 Unauthorized</h1></body></html>
[2026-06-07T01:11:58.919Z] error: <jellyfinProxyHandler> HTTP Error 401 calling http://jellyfin:8096/emby/Sessions?api_key=
[2026-06-07T01:12:03.709Z] error: <plexProxyHandler> HTTP 401 communicating with Plex. Data: <html><head><title>Unauthorized</title></head><body><h1>401 Unauthorized</h1></body></html>
[2026-06-07T01:12:03.931Z] error: <jellyfinProxyHandler> HTTP Error 401 calling http://jellyfin:8096/emby/Items/Counts?api_key=
[2026-06-07T01:12:04.421Z] error: <qbittorrentProxyHandler> HTTP 403 logging in to qBittorrent.  Data: Your IP address has been banned after too many failed authentication attempts.
[2026-06-07T01:12:08.970Z] error: <plexProxyHandler> HTTP 401 communicating with Plex. Data: <html><head><title>Unauthorized</title></head><body><h1>401 Unauthorized</h1></body></html>
[2026-06-07T01:12:09.151Z] error: <jellyfinProxyHandler> HTTP Error 401 calling http://jellyfin:8096/emby/Sessions?api_key=
[2026-06-07T01:12:14.100Z] error: <jellyfinProxyHandler> HTTP Error 401 calling http://jellyfin:8096/emby/Items/Counts?api_key=
[2026-06-07T01:12:14.195Z] error: <plexProxyHandler> HTTP 401 communicating with Plex. Data: <html><head><title>Unauthorized</title></head><body><h1>401 Unauthorized</h1></body></html>
[2026-06-07T01:12:14.564Z] error: <qbittorrentProxyHandler> HTTP 403 logging in to qBittorrent.  Data: Your IP address has been banned after too many failed authentication attempts.
[2026-06-07T01:12:19.321Z] error: <plexProxyHandler> HTTP 401 communicating with Plex. Data: <html><head><title>Unauthorized</title></head><body><h1>401 Unauthorized</h1></body></html>
[2026-06-07T01:12:29.660Z] error: <plexProxyHandler> HTTP 401 communicating with Plex. Data: <html><head><title>Unauthorized</title></head><body><h1>401 Unauthorized</h1></body></html>
[2026-06-07T01:12:30.916Z] error: <jellyfinProxyHandler> HTTP Error 401 calling http://jellyfin:8096/emby/Items/Counts?api_key=
[2026-06-07T01:12:30.922Z] error: <qbittorrentProxyHandler> HTTP 403 logging in to qBittorrent.  Data: Your IP address has been banned after too many failed authentication attempts.
[2026-06-07T01:12:30.937Z] error: <jellyfinProxyHandler> HTTP Error 401 calling http://jellyfin:8096/emby/Sessions?api_key=
[2026-06-07T01:12:30.962Z] error: <credentialedProxyHandler> HTTP Error 401 calling http://jellyseerr:5055/api/v1/request/count
[2026-06-07T01:12:31.213Z] info: 🌐 i18next is made possible by our own product, Locize — consider powering your project with managed localization (AI, CDN, integrations): https://locize.com 💙
[2026-06-07T01:12:31.602Z] error: <plexProxyHandler> HTTP 401 communicating with Plex. Data: <html><head><title>Unauthorized</title></head><body><h1>401 Unauthorized</h1></body></html>
[2026-06-07T01:12:31.603Z] error: <jellyfinProxyHandler> HTTP Error 401 calling http://jellyfin:8096/emby/Items/Counts?api_key=
[2026-06-07T01:12:31.608Z] error: <httpProxy> Error calling http://nzbget:6789/jsonrpc...
[2026-06-07T01:12:31.612Z] error: <httpProxy> [
  500,
  Error: socket hang up
      at ignore-listed frames {
    code: 'ECONNRESET'
  }
]
[2026-06-07T01:12:31.613Z] error: <jellyfinProxyHandler> HTTP Error 401 calling http://jellyfin:8096/emby/Sessions?api_key=
[2026-06-07T01:12:31.614Z] error: <qbittorrentProxyHandler> HTTP 403 logging in to qBittorrent.  Data: Your IP address has been banned after too many failed authentication attempts.
[2026-06-07T01:12:31.615Z] error: <credentialedProxyHandler> HTTP Error 401 calling http://jellyseerr:5055/api/v1/request/count
[2026-06-07T01:12:32.816Z] error: <jellyfinProxyHandler> HTTP Error 401 calling http://jellyfin:8096/emby/Sessions?api_key=
[2026-06-07T01:12:32.818Z] error: <jellyfinProxyHandler> HTTP Error 401 calling http://jellyfin:8096/emby/Items/Counts?api_key=
[2026-06-07T01:12:32.818Z] error: <plexProxyHandler> HTTP 401 communicating with Plex. Data: <html><head><title>Unauthorized</title></head><body><h1>401 Unauthorized</h1></body></html>
[2026-06-07T01:12:32.864Z] error: <qbittorrentProxyHandler> HTTP 403 logging in to qBittorrent.  Data: Your IP address has been banned after too many failed authentication attempts.
[2026-06-07T01:12:32.911Z] error: <credentialedProxyHandler> HTTP Error 401 calling http://jellyseerr:5055/api/v1/request/count
[2026-06-07T01:12:37.765Z] error: <plexProxyHandler> HTTP 401 communicating with Plex. Data: <html><head><title>Unauthorized</title></head><body><h1>401 Unauthorized</h1></body></html>
[2026-06-07T01:12:38.111Z] error: <jellyfinProxyHandler> HTTP Error 401 calling http://jellyfin:8096/emby/Sessions?api_key=
[2026-06-07T01:12:38.122Z] error: <qbittorrentProxyHandler> HTTP 403 logging in to qBittorrent.  Data: Your IP address has been banned after too many failed authentication attempts.
[2026-06-07T01:12:38.123Z] error: <jellyfinProxyHandler> HTTP Error 401 calling http://jellyfin:8096/emby/Items/Counts?api_key=
[2026-06-07T01:12:38.138Z] error: <httpProxy> Error calling http://nzbget:6789/jsonrpc...
[2026-06-07T01:12:38.140Z] error: <httpProxy> [
  500,
  Error: socket hang up
      at ignore-listed frames {
    code: 'ECONNRESET'
  }
]
[2026-06-07T01:12:38.162Z] error: <credentialedProxyHandler> HTTP Error 401 calling http://jellyseerr:5055/api/v1/request/count
[2026-06-07T01:12:38.566Z] error: <jellyfinProxyHandler> HTTP Error 401 calling http://jellyfin:8096/emby/Sessions?api_key=
[2026-06-07T01:12:48.321Z] error: <jellyfinProxyHandler> HTTP Error 401 calling http://jellyfin:8096/emby/Items/Counts?api_key=
[2026-06-07T01:12:48.322Z] error: <jellyfinProxyHandler> HTTP Error 401 calling http://jellyfin:8096/emby/Sessions?api_key=
[2026-06-07T01:12:48.324Z] error: <qbittorrentProxyHandler> HTTP 403 logging in to qBittorrent.  Data: Your IP address has been banned after too many failed authentication attempts.
[2026-06-07T01:13:21.435Z] error: <jellyfinProxyHandler> HTTP Error 401 calling http://jellyfin:8096/emby/Sessions?api_key=
[2026-06-07T01:13:21.457Z] error: <jellyfinProxyHandler> HTTP Error 401 calling http://jellyfin:8096/emby/Items/Counts?api_key=
[2026-06-07T01:13:21.484Z] error: <qbittorrentProxyHandler> HTTP 403 logging in to qBittorrent.  Data: Your IP address has been banned after too many failed authentication attempts.
[2026-06-07T01:13:21.494Z] error: <credentialedProxyHandler> HTTP Error 401 calling http://jellyseerr:5055/api/v1/request/count
[2026-06-07T01:13:21.509Z] error: <plexProxyHandler> HTTP 401 communicating with Plex. Data: <html><head><title>Unauthorized</title></head><body><h1>401 Unauthorized</h1></body></html>
[2026-06-07T01:13:26.293Z] error: <plexProxyHandler> HTTP 401 communicating with Plex. Data: <html><head><title>Unauthorized</title></head><body><h1>401 Unauthorized</h1></body></html>
[2026-06-07T01:13:26.558Z] error: <jellyfinProxyHandler> HTTP Error 401 calling http://jellyfin:8096/emby/Sessions?api_key=
[2026-06-07T01:13:26.578Z] error: <jellyfinProxyHandler> HTTP Error 401 calling http://jellyfin:8096/emby/Items/Counts?api_key=
[2026-06-07T01:13:26.606Z] error: <qbittorrentProxyHandler> HTTP 403 logging in to qBittorrent.  Data: Your IP address has been banned after too many failed authentication attempts.
[2026-06-07T01:13:27.270Z] error: <jellyfinProxyHandler> HTTP Error 401 calling http://jellyfin:8096/emby/Items/Counts?api_key=
[2026-06-07T01:13:27.271Z] error: <jellyfinProxyHandler> HTTP Error 401 calling http://jellyfin:8096/emby/Sessions?api_key=
[2026-06-07T01:13:27.273Z] error: <httpProxy> Error calling http://nzbget:6789/jsonrpc...
[2026-06-07T01:13:27.274Z] error: <httpProxy> [
  500,
  Error: socket hang up
      at ignore-listed frames {
    code: 'ECONNRESET'
  }
]
[2026-06-07T01:13:27.282Z] error: <qbittorrentProxyHandler> HTTP 403 logging in to qBittorrent.  Data: Your IP address has been banned after too many failed authentication attempts.
[2026-06-07T01:13:27.288Z] error: <credentialedProxyHandler> HTTP Error 401 calling http://jellyseerr:5055/api/v1/request/count
[2026-06-07T01:13:27.783Z] error: <plexProxyHandler> HTTP 401 communicating with Plex. Data: <html><head><title>Unauthorized</title></head><body><h1>401 Unauthorized</h1></body></html>
[2026-06-07T01:13:27.788Z] error: <jellyfinProxyHandler> HTTP Error 401 calling http://jellyfin:8096/emby/Items/Counts?api_key=
[2026-06-07T01:13:27.789Z] error: <credentialedProxyHandler> HTTP Error 401 calling http://jellyseerr:5055/api/v1/request/count
[2026-06-07T01:13:27.791Z] error: <jellyfinProxyHandler> HTTP Error 401 calling http://jellyfin:8096/emby/Sessions?api_key=
[2026-06-07T01:13:27.796Z] error: <qbittorrentProxyHandler> HTTP 403 logging in to qBittorrent.  Data: Your IP address has been banned after too many failed authentication attempts.
[2026-06-07T01:13:32.413Z] error: <plexProxyHandler> HTTP 401 communicating with Plex. Data: <html><head><title>Unauthorized</title></head><body><h1>401 Unauthorized</h1></body></html>
[2026-06-07T01:13:32.418Z] error: <jellyfinProxyHandler> HTTP Error 401 calling http://jellyfin:8096/emby/Sessions?api_key=
[2026-06-07T01:13:32.447Z] error: <jellyfinProxyHandler> HTTP Error 401 calling http://jellyfin:8096/emby/Items/Counts?api_key=
[2026-06-07T01:13:32.457Z] error: <qbittorrentProxyHandler> HTTP 403 logging in to qBittorrent.  Data: Your IP address has been banned after too many failed authentication attempts.
[2026-06-07T01:13:32.467Z] info: 🌐 i18next is made possible by our own product, Locize — consider powering your project with managed localization (AI, CDN, integrations): https://locize.com 💙
[2026-06-07T01:13:32.679Z] error: <plexProxyHandler> HTTP 401 communicating with Plex. Data: <html><head><title>Unauthorized</title></head><body><h1>401 Unauthorized</h1></body></html>
[2026-06-07T01:13:32.680Z] error: <jellyfinProxyHandler> HTTP Error 401 calling http://jellyfin:8096/emby/Sessions?api_key=
[2026-06-07T01:13:32.694Z] error: <jellyfinProxyHandler> HTTP Error 401 calling http://jellyfin:8096/emby/Items/Counts?api_key=
[2026-06-07T01:13:32.696Z] error: <httpProxy> Error calling http://nzbget:6789/jsonrpc...
[2026-06-07T01:13:32.700Z] error: <httpProxy> [
  500,
  Error: socket hang up
      at ignore-listed frames {
    code: 'ECONNRESET'
  }
]
[2026-06-07T01:13:32.718Z] error: <qbittorrentProxyHandler> HTTP 403 logging in to qBittorrent.  Data: Your IP address has been banned after too many failed authentication attempts.
[2026-06-07T01:13:32.731Z] error: <credentialedProxyHandler> HTTP Error 401 calling http://jellyseerr:5055/api/v1/request/count
[2026-06-07T01:13:37.619Z] error: <plexProxyHandler> HTTP 401 communicating with Plex. Data: <html><head><title>Unauthorized</title></head><body><h1>401 Unauthorized</h1></body></html>
[2026-06-07T01:13:37.711Z] error: <jellyfinProxyHandler> HTTP Error 401 calling http://jellyfin:8096/emby/Sessions?api_key=
[2026-06-07T01:13:40.035Z] error: <plexProxyHandler> HTTP 401 communicating with Plex. Data: <html><head><title>Unauthorized</title></head><body><h1>401 Unauthorized</h1></body></html>
[2026-06-07T01:13:40.046Z] error: <jellyfinProxyHandler> HTTP Error 401 calling http://jellyfin:8096/emby/Sessions?api_key=
[2026-06-07T01:13:40.047Z] error: <jellyfinProxyHandler> HTTP Error 401 calling http://jellyfin:8096/emby/Items/Counts?api_key=
[2026-06-07T01:13:40.067Z] error: <qbittorrentProxyHandler> HTTP 403 logging in to qBittorrent.  Data: Your IP address has been banned after too many failed authentication attempts.
[2026-06-07T01:13:40.081Z] error: <credentialedProxyHandler> HTTP Error 401 calling http://jellyseerr:5055/api/v1/request/count
[2026-06-07T01:13:42.652Z] error: <plexProxyHandler> HTTP 401 communicating with Plex. Data: <html><head><title>Unauthorized</title></head><body><h1>401 Unauthorized</h1></body></html>
[2026-06-07T01:13:42.723Z] error: <jellyfinProxyHandler> HTTP Error 401 calling http://jellyfin:8096/emby/Items/Counts?api_key=
[2026-06-07T01:13:42.738Z] error: <qbittorrentProxyHandler> HTTP 403 logging in to qBittorrent.  Data: Your IP address has been banned after too many failed authentication attempts.
[2026-06-07T01:13:45.072Z] error: <jellyfinProxyHandler> HTTP Error 401 calling http://jellyfin:8096/emby/Sessions?api_key=
[2026-06-07T01:13:47.698Z] error: <httpProxy> Error calling http://nzbget:6789/jsonrpc...
[2026-06-07T01:13:47.700Z] error: <httpProxy> [
  500,
  Error: socket hang up
      at ignore-listed frames {
    code: 'ECONNRESET'
  }
]
[2026-06-07T01:13:47.704Z] error: <plexProxyHandler> HTTP 401 communicating with Plex. Data: <html><head><title>Unauthorized</title></head><body><h1>401 Unauthorized</h1></body></html>
[2026-06-07T01:13:47.705Z] error: <jellyfinProxyHandler> HTTP Error 401 calling http://jellyfin:8096/emby/Sessions?api_key=
[2026-06-07T01:13:47.768Z] error: <jellyfinProxyHandler> HTTP Error 401 calling http://jellyfin:8096/emby/Items/Counts?api_key=
[2026-06-07T01:13:47.773Z] error: <qbittorrentProxyHandler> HTTP 403 logging in to qBittorrent.  Data: Your IP address has been banned after too many failed authentication attempts.
[2026-06-07T01:13:47.776Z] error: <credentialedProxyHandler> HTTP Error 401 calling http://jellyseerr:5055/api/v1/request/count
[2026-06-07T01:13:48.640Z] error: <plexProxyHandler> HTTP 401 communicating with Plex. Data: <html><head><title>Unauthorized</title></head><body><h1>401 Unauthorized</h1></body></html>
[2026-06-07T01:13:48.641Z] error: <jellyfinProxyHandler> HTTP Error 401 calling http://jellyfin:8096/emby/Items/Counts?api_key=
[2026-06-07T01:13:48.643Z] error: <jellyfinProxyHandler> HTTP Error 401 calling http://jellyfin:8096/emby/Sessions?api_key=
[2026-06-07T01:13:48.701Z] error: <credentialedProxyHandler> HTTP Error 401 calling http://jellyseerr:5055/api/v1/request/count
[2026-06-07T01:13:48.702Z] error: <qbittorrentProxyHandler> HTTP 403 logging in to qBittorrent.  Data: Your IP address has been banned after too many failed authentication attempts.
[2026-06-07T01:13:53.667Z] error: <plexProxyHandler> HTTP 401 communicating with Plex. Data: <html><head><title>Unauthorized</title></head><body><h1>401 Unauthorized</h1></body></html>
[2026-06-07T01:13:53.911Z] error: <jellyfinProxyHandler> HTTP Error 401 calling http://jellyfin:8096/emby/Items/Counts?api_key=
[2026-06-07T01:13:53.963Z] error: <qbittorrentProxyHandler> HTTP 403 logging in to qBittorrent.  Data: Your IP address has been banned after too many failed authentication attempts.
[2026-06-07T01:13:54.282Z] error: <httpProxy> Error calling http://nzbget:6789/jsonrpc...
[2026-06-07T01:13:54.283Z] error: <httpProxy> [
  500,
  Error: socket hang up
      at ignore-listed frames {
    code: 'ECONNRESET'
  }
]
[2026-06-07T01:13:54.284Z] error: <jellyfinProxyHandler> HTTP Error 401 calling http://jellyfin:8096/emby/Items/Counts?api_key=
[2026-06-07T01:13:54.285Z] error: <credentialedProxyHandler> HTTP Error 401 calling http://jellyseerr:5055/api/v1/request/count
[2026-06-07T01:13:54.286Z] error: <jellyfinProxyHandler> HTTP Error 401 calling http://jellyfin:8096/emby/Sessions?api_key=
[2026-06-07T01:13:58.201Z] error: <credentialedProxyHandler> HTTP Error 401 calling http://jellyseerr:5055/api/v1/request/count
[2026-06-07T01:13:58.264Z] error: <qbittorrentProxyHandler> HTTP 403 logging in to qBittorrent.  Data: Your IP address has been banned after too many failed authentication attempts.
[2026-06-07T01:13:58.293Z] error: <jellyfinProxyHandler> HTTP Error 401 calling http://jellyfin:8096/emby/Items/Counts?api_key=
[2026-06-07T01:13:58.294Z] error: <plexProxyHandler> HTTP 401 communicating with Plex. Data: <html><head><title>Unauthorized</title></head><body><h1>401 Unauthorized</h1></body></html>
[2026-06-07T01:13:58.295Z] error: <jellyfinProxyHandler> HTTP Error 401 calling http://jellyfin:8096/emby/Sessions?api_key=
[2026-06-07T01:14:03.153Z] error: <plexProxyHandler> HTTP 401 communicating with Plex. Data: <html><head><title>Unauthorized</title></head><body><h1>401 Unauthorized</h1></body></html>
[2026-06-07T01:14:03.445Z] error: <qbittorrentProxyHandler> HTTP 403 logging in to qBittorrent.  Data: Your IP address has been banned after too many failed authentication attempts.
[2026-06-07T01:14:06.415Z] error: <jellyfinProxyHandler> HTTP Error 401 calling http://jellyfin:8096/emby/Sessions?api_key=
[2026-06-07T01:14:06.419Z] error: <jellyfinProxyHandler> HTTP Error 401 calling http://jellyfin:8096/emby/Items/Counts?api_key=
[2026-06-07T01:14:06.437Z] error: <plexProxyHandler> HTTP 401 communicating with Plex. Data: <html><head><title>Unauthorized</title></head><body><h1>401 Unauthorized</h1></body></html>
[2026-06-07T01:14:06.457Z] error: <qbittorrentProxyHandler> HTTP 403 logging in to qBittorrent.  Data: Your IP address has been banned after too many failed authentication attempts.
[2026-06-07T01:14:06.472Z] error: <credentialedProxyHandler> HTTP Error 401 calling http://jellyseerr:5055/api/v1/request/count
[2026-06-07T01:14:06.474Z] error: <httpProxy> Error calling http://nzbget:6789/jsonrpc...
[2026-06-07T01:14:06.475Z] error: <httpProxy> [
  500,
  Error: socket hang up
      at ignore-listed frames {
    code: 'ECONNRESET'
  }
]
[2026-06-07T01:14:06.822Z] error: <plexProxyHandler> HTTP 401 communicating with Plex. Data: <html><head><title>Unauthorized</title></head><body><h1>401 Unauthorized</h1></body></html>
[2026-06-07T01:14:06.851Z] error: <jellyfinProxyHandler> HTTP Error 401 calling http://jellyfin:8096/emby/Sessions?api_key=
[2026-06-07T01:14:06.968Z] error: <jellyfinProxyHandler> HTTP Error 401 calling http://jellyfin:8096/emby/Items/Counts?api_key=
[2026-06-07T01:14:06.969Z] error: <credentialedProxyHandler> HTTP Error 401 calling http://jellyseerr:5055/api/v1/request/count
[2026-06-07T01:14:06.970Z] error: <qbittorrentProxyHandler> HTTP 403 logging in to qBittorrent.  Data: Your IP address has been banned after too many failed authentication attempts.
[2026-06-07T01:14:11.812Z] error: <plexProxyHandler> HTTP 401 communicating with Plex. Data: <html><head><title>Unauthorized</title></head><body><h1>401 Unauthorized</h1></body></html>
[2026-06-07T01:14:12.402Z] error: <qbittorrentProxyHandler> HTTP 403 logging in to qBittorrent.  Data: Your IP address has been banned after too many failed authentication attempts.
[2026-06-07T01:14:14.555Z] error: <plexProxyHandler> HTTP 401 communicating with Plex. Data: <html><head><title>Unauthorized</title></head><body><h1>401 Unauthorized</h1></body></html>
[2026-06-07T01:14:14.573Z] error: <jellyfinProxyHandler> HTTP Error 401 calling http://jellyfin:8096/emby/Sessions?api_key=
[2026-06-07T01:14:14.582Z] error: <httpProxy> Error calling http://nzbget:6789/jsonrpc...
[2026-06-07T01:14:14.583Z] error: <httpProxy> [
  500,
  Error: socket hang up
      at ignore-listed frames {
    code: 'ECONNRESET'
  }
]
[2026-06-07T01:14:14.597Z] error: <jellyfinProxyHandler> HTTP Error 401 calling http://jellyfin:8096/emby/Items/Counts?api_key=
[2026-06-07T01:14:14.607Z] error: <qbittorrentProxyHandler> HTTP 403 logging in to qBittorrent.  Data: Your IP address has been banned after too many failed authentication attempts.
[2026-06-07T01:14:14.622Z] error: <credentialedProxyHandler> HTTP Error 401 calling http://jellyseerr:5055/api/v1/request/count
[2026-06-07T01:14:19.516Z] error: <plexProxyHandler> HTTP 401 communicating with Plex. Data: <html><head><title>Unauthorized</title></head><body><h1>401 Unauthorized</h1></body></html>
[2026-06-07T01:14:22.158Z] error: <plexProxyHandler> HTTP 401 communicating with Plex. Data: <html><head><title>Unauthorized</title></head><body><h1>401 Unauthorized</h1></body></html>
[2026-06-07T01:14:22.162Z] error: <jellyfinProxyHandler> HTTP Error 401 calling http://jellyfin:8096/emby/Sessions?api_key=
[2026-06-07T01:14:22.170Z] error: <qbittorrentProxyHandler> HTTP 403 logging in to qBittorrent.  Data: Your IP address has been banned after too many failed authentication attempts.
[2026-06-07T01:14:22.171Z] error: <credentialedProxyHandler> HTTP Error 401 calling http://jellyseerr:5055/api/v1/request/count
[2026-06-07T01:14:22.172Z] error: <jellyfinProxyHandler> HTTP Error 401 calling http://jellyfin:8096/emby/Items/Counts?api_key=
[2026-06-07T01:14:24.655Z] error: <plexProxyHandler> HTTP 401 communicating with Plex. Data: <html><head><title>Unauthorized</title></head><body><h1>401 Unauthorized</h1></body></html>
[2026-06-07T01:14:24.764Z] error: <jellyfinProxyHandler> HTTP Error 401 calling http://jellyfin:8096/emby/Sessions?api_key=
[2026-06-07T01:14:24.792Z] error: <jellyfinProxyHandler> HTTP Error 401 calling http://jellyfin:8096/emby/Items/Counts?api_key=
[2026-06-07T01:14:24.810Z] error: <qbittorrentProxyHandler> HTTP 403 logging in to qBittorrent.  Data: Your IP address has been banned after too many failed authentication attempts.
[2026-06-07T01:14:29.925Z] error: <plexProxyHandler> HTTP 401 communicating with Plex. Data: <html><head><title>Unauthorized</title></head><body><h1>401 Unauthorized</h1></body></html>
[2026-06-07T01:14:32.485Z] error: <jellyfinProxyHandler> HTTP Error 401 calling http://jellyfin:8096/emby/Items/Counts?api_key=
[2026-06-07T01:14:32.487Z] error: <jellyfinProxyHandler> HTTP Error 401 calling http://jellyfin:8096/emby/Sessions?api_key=
[2026-06-07T01:14:32.489Z] error: <qbittorrentProxyHandler> HTTP 403 logging in to qBittorrent.  Data: Your IP address has been banned after too many failed authentication attempts.
[2026-06-07T01:14:34.796Z] error: <plexProxyHandler> HTTP 401 communicating with Plex. Data: <html><head><title>Unauthorized</title></head><body><h1>401 Unauthorized</h1></body></html>
[2026-06-07T01:14:34.797Z] error: <httpProxy> Error calling http://nzbget:6789/jsonrpc...
[2026-06-07T01:14:34.798Z] error: <httpProxy> [
  500,
  Error: socket hang up
      at ignore-listed frames {
    code: 'ECONNRESET'
  }
]
[2026-06-07T01:14:34.799Z] error: <jellyfinProxyHandler> HTTP Error 401 calling http://jellyfin:8096/emby/Sessions?api_key=
[2026-06-07T01:14:34.806Z] error: <jellyfinProxyHandler> HTTP Error 401 calling http://jellyfin:8096/emby/Items/Counts?api_key=
[2026-06-07T01:14:34.830Z] error: <credentialedProxyHandler> HTTP Error 401 calling http://jellyseerr:5055/api/v1/request/count
[2026-06-07T01:14:34.832Z] error: <qbittorrentProxyHandler> HTTP 403 logging in to qBittorrent.  Data: Your IP address has been banned after too many failed authentication attempts.
